<?xml version="1.0" encoding="UTF-8"?>
<!-- Generated by org.testng.reporters.JUnitReportReporter -->
<testsuite hostname="DESKTOP-H258E1F" failures="0" tests="1" name="Opportunity.TC_24" time="29.046" errors="0" timestamp="2021-08-18T23:33:46 IST" skipped="0">
  <testcase classname="Opportunity.TC_24" name="Opportunity" time="29.046"/>
  <system-out/>
</testsuite> <!-- Opportunity.TC_24 -->
