<?xml version="1.0" encoding="UTF-8"?>
<!-- Generated by org.testng.reporters.JUnitReportReporter -->
<testsuite hostname="DESKTOP-H258E1F" failures="0" tests="5" name="com.practice.Data_Provider" time="0.028" errors="0" timestamp="2021-08-15T10:29:33 IST" skipped="0">
  <testcase classname="com.practice.Data_Provider" name="data" time="0.012"/>
  <system-out/>
  <testcase classname="com.practice.Data_Provider" name="data" time="0.003"/>
  <system-out/>
  <testcase classname="com.practice.Data_Provider" name="data" time="0.002"/>
  <system-out/>
  <testcase classname="com.practice.Data_Provider" name="data" time="0.006"/>
  <system-out/>
  <testcase classname="com.practice.Data_Provider" name="data" time="0.005"/>
  <system-out/>
</testsuite> <!-- com.practice.Data_Provider -->
