<?xml version="1.0" encoding="UTF-8"?>
<!-- Generated by org.testng.reporters.JUnitReportReporter -->
<testsuite hostname="DESKTOP-H258E1F" failures="0" tests="2" name="genericLibraries.ExtentReport" time="6.083" errors="0" timestamp="2021-08-27T17:07:52 IST" skipped="0">
  <testcase classname="genericLibraries.ExtentReport" name="Test2" time="1.460"/>
  <system-out/>
  <testcase classname="genericLibraries.ExtentReport" name="Test1" time="4.623"/>
  <system-out/>
</testsuite> <!-- genericLibraries.ExtentReport -->
