<?xml version="1.0" encoding="UTF-8"?>
<!-- Generated by org.testng.reporters.JUnitReportReporter -->
<testsuite hostname="DESKTOP-H258E1F" failures="0" tests="1" name="Opportunity.TC_25" time="24.109" errors="0" timestamp="2021-08-18T23:29:30 IST" skipped="0">
  <testcase classname="Opportunity.TC_25" name="Opportunity" time="24.109"/>
  <system-out/>
</testsuite> <!-- Opportunity.TC_25 -->
